#-----------------------------------------------------------
# Vivado v2018.2 (64-bit)
# SW Build 2258646 on Thu Jun 14 20:03:12 MDT 2018
# IP Build 2256618 on Thu Jun 14 22:10:49 MDT 2018
# Start of session at: Mon Oct 21 16:17:47 2024
# Process ID: 30824
# Current directory: C:/Users/bluey/Documents/ee2026 local/project/MODSnew
# Command line: vivado.exe -gui_launcher_event rodinguilauncherevent33756 C:\Users\bluey\Documents\ee2026 local\project\MODSnew\MODS.xpr
# Log file: C:/Users/bluey/Documents/ee2026 local/project/MODSnew/vivado.log
# Journal file: C:/Users/bluey/Documents/ee2026 local/project/MODSnew\vivado.jou
#-----------------------------------------------------------
start_gui
open_project {C:/Users/bluey/Documents/ee2026 local/project/MODSnew/MODS.xpr}
Scanning sources...
Finished scanning sources
INFO: [IP_Flow 19-234] Refreshing IP repositories
INFO: [IP_Flow 19-1704] No user IP repositories specified
INFO: [IP_Flow 19-2313] Loaded Vivado IP repository 'C:/Xilinx/Vivado/2018.2/data/ip'.
open_project: Time (s): cpu = 00:00:04 ; elapsed = 00:00:08 . Memory (MB): peak = 743.324 ; gain = 57.484
update_compile_order -fileset sources_1
close [ open {C:/Users/bluey/Documents/ee2026 local/project/MODSnew/MODS.srcs/sources_1/new/pixel_control.v} w ]
add_files {{C:/Users/bluey/Documents/ee2026 local/project/MODSnew/MODS.srcs/sources_1/new/pixel_control.v}}
update_compile_order -fileset sources_1
close [ open {C:/Users/bluey/Documents/ee2026 local/project/MODSnew/MODS.srcs/sources_1/new/s1.v} w ]
add_files {{C:/Users/bluey/Documents/ee2026 local/project/MODSnew/MODS.srcs/sources_1/new/s1.v}}
update_compile_order -fileset sources_1
exit
INFO: [Common 17-206] Exiting Vivado at Mon Oct 21 23:44:45 2024...
