#-----------------------------------------------------------
# Vivado v2018.2 (64-bit)
# SW Build 2258646 on Thu Jun 14 20:03:12 MDT 2018
# IP Build 2256618 on Thu Jun 14 22:10:49 MDT 2018
# Start of session at: Thu Oct 17 14:34:58 2024
# Process ID: 10576
# Current directory: C:/Users/bluey/Documents/ee2026 local/project/MODSnew
# Command line: vivado.exe -gui_launcher_event rodinguilauncherevent2372 C:\Users\bluey\Documents\ee2026 local\project\MODSnew\MODS.xpr
# Log file: C:/Users/bluey/Documents/ee2026 local/project/MODSnew/vivado.log
# Journal file: C:/Users/bluey/Documents/ee2026 local/project/MODSnew\vivado.jou
#-----------------------------------------------------------
start_gui
open_project {C:/Users/bluey/Documents/ee2026 local/project/MODSnew/MODS.xpr}
INFO: [Project 1-313] Project file moved from 'C:/Users/elegst/Documents/EE2026 Project/2023-24 Sem 1/To provide/MODS/.Xil/Vivado-31116-ECE-1CZ20808VG/PrjAr/_X_' since last save.
Scanning sources...
Finished scanning sources
INFO: [IP_Flow 19-234] Refreshing IP repositories
INFO: [IP_Flow 19-1704] No user IP repositories specified
INFO: [IP_Flow 19-2313] Loaded Vivado IP repository 'C:/Xilinx/Vivado/2018.2/data/ip'.
open_project: Time (s): cpu = 00:00:04 ; elapsed = 00:00:05 . Memory (MB): peak = 758.148 ; gain = 69.145
update_compile_order -fileset sources_1
close [ open {C:/Users/bluey/Documents/ee2026 local/project/MODSnew/MODS.srcs/sources_1/new/flexible_clock_signal.v} w ]
add_files {{C:/Users/bluey/Documents/ee2026 local/project/MODSnew/MODS.srcs/sources_1/new/flexible_clock_signal.v}}
update_compile_order -fileset sources_1
update_compile_order -fileset sources_1
close [ open {C:/Users/bluey/Documents/ee2026 local/project/MODSnew/MODS.srcs/sources_1/new/std1r1.v} w ]
add_files {{C:/Users/bluey/Documents/ee2026 local/project/MODSnew/MODS.srcs/sources_1/new/std1r1.v}}
update_compile_order -fileset sources_1
exit
INFO: [Common 17-206] Exiting Vivado at Sat Oct 19 20:53:12 2024...
