INFO: [VRFC 10-2263] Analyzing Verilog file "C:/Users/gskan/Downloads/MODS2.xpr/MODS/MODS.srcs/sources_1/ip/blk_mem_gen_const/sim/blk_mem_gen_const.v" into library xil_defaultlib
INFO: [VRFC 10-311] analyzing module blk_mem_gen_const
INFO: [VRFC 10-2263] Analyzing Verilog file "C:/Users/gskan/Downloads/MODS2.xpr/MODS/MODS.srcs/sources_1/ip/blk_mem_gen_img/sim/blk_mem_gen_img.v" into library xil_defaultlib
INFO: [VRFC 10-311] analyzing module blk_mem_gen_img
INFO: [VRFC 10-2263] Analyzing Verilog file "C:/Users/gskan/Downloads/MODS2.xpr/MODS/MODS.srcs/sources_1/ip/blk_mem_gen_inter/sim/blk_mem_gen_inter.v" into library xil_defaultlib
INFO: [VRFC 10-311] analyzing module blk_mem_gen_inter
INFO: [VRFC 10-2263] Analyzing Verilog file "C:/Users/gskan/Downloads/MODS2.xpr/MODS/MODS.srcs/sources_1/ip/blk_mem_gen_0_1/sim/blk_mem_gen_0.v" into library xil_defaultlib
INFO: [VRFC 10-311] analyzing module blk_mem_gen_0
INFO: [VRFC 10-2263] Analyzing Verilog file "C:/Users/gskan/Downloads/MODS2.xpr/MODS/MODS.srcs/sources_1/new/flexible_clock.v" into library xil_defaultlib
INFO: [VRFC 10-311] analyzing module flexible_clock
INFO: [VRFC 10-2263] Analyzing Verilog file "C:/Users/gskan/Downloads/MODS2.xpr/MODS/MODS.srcs/sources_1/new/seven_seg_display.v" into library xil_defaultlib
INFO: [VRFC 10-311] analyzing module seven_seg_display
INFO: [VRFC 10-2263] Analyzing Verilog file "C:/Users/gskan/Downloads/MODS2.xpr/MODS/MODS.srcs/sources_1/new/test_seven_segment_display.v" into library xil_defaultlib
INFO: [VRFC 10-311] analyzing module test_seven_segment_display
INFO: [VRFC 10-2263] Analyzing Verilog file "C:/Users/gskan/Downloads/MODS2.xpr/MODS/MODS.srcs/sources_1/imports/Desktop/Oled_Display.v" into library xil_defaultlib
INFO: [VRFC 10-311] analyzing module Oled_Display
WARNING: [VRFC 10-756] identifier state is used before its declaration [C:/Users/gskan/Downloads/MODS2.xpr/MODS/MODS.srcs/sources_1/imports/Desktop/Oled_Display.v:105]
WARNING: [VRFC 10-756] identifier state is used before its declaration [C:/Users/gskan/Downloads/MODS2.xpr/MODS/MODS.srcs/sources_1/imports/Desktop/Oled_Display.v:107]
WARNING: [VRFC 10-756] identifier state is used before its declaration [C:/Users/gskan/Downloads/MODS2.xpr/MODS/MODS.srcs/sources_1/imports/Desktop/Oled_Display.v:109]
WARNING: [VRFC 10-756] identifier state is used before its declaration [C:/Users/gskan/Downloads/MODS2.xpr/MODS/MODS.srcs/sources_1/imports/Desktop/Oled_Display.v:110]
WARNING: [VRFC 10-756] identifier state is used before its declaration [C:/Users/gskan/Downloads/MODS2.xpr/MODS/MODS.srcs/sources_1/imports/Desktop/Oled_Display.v:111]
INFO: [VRFC 10-2263] Analyzing Verilog file "C:/Users/gskan/Downloads/MODS2.xpr/MODS/MODS.srcs/sources_1/new/character_screen.v" into library xil_defaultlib
INFO: [VRFC 10-311] analyzing module character_screen
INFO: [VRFC 10-2263] Analyzing Verilog file "C:/Users/gskan/Downloads/MODS2.xpr/MODS/MODS.srcs/sources_1/new/credits_screen.v" into library xil_defaultlib
INFO: [VRFC 10-311] analyzing module credits_screen
INFO: [VRFC 10-2263] Analyzing Verilog file "C:/Users/gskan/Downloads/MODS2.xpr/MODS/MODS.srcs/sources_1/new/main_menu_screen.v" into library xil_defaultlib
INFO: [VRFC 10-311] analyzing module main_menu_screen
INFO: [VRFC 10-2263] Analyzing Verilog file "C:/Users/gskan/Downloads/MODS2.xpr/MODS/MODS.srcs/sources_1/new/Top_Student.v" into library xil_defaultlib
INFO: [VRFC 10-311] analyzing module Top_Student
INFO: [VRFC 10-2263] Analyzing Verilog file "C:/Users/gskan/Downloads/MODS2.xpr/MODS/MODS.srcs/sources_1/new/projectile_money.v" into library xil_defaultlib
INFO: [VRFC 10-311] analyzing module projectile_money
INFO: [VRFC 10-2263] Analyzing Verilog file "C:/Users/gskan/Downloads/MODS2.xpr/MODS/MODS.srcs/sources_1/new/projectile_poison.v" into library xil_defaultlib
INFO: [VRFC 10-311] analyzing module projectile_poison
INFO: [VRFC 10-2263] Analyzing Verilog file "C:/Users/gskan/Downloads/MODS2.xpr/MODS/MODS.srcs/sources_1/new/projectile_plus.v" into library xil_defaultlib
INFO: [VRFC 10-311] analyzing module projectile_plus
INFO: [VRFC 10-2263] Analyzing Verilog file "C:/Users/gskan/Downloads/MODS2.xpr/MODS/MODS.srcs/sources_1/new/projectile_laser.v" into library xil_defaultlib
INFO: [VRFC 10-311] analyzing module projectile_laser
INFO: [VRFC 10-2263] Analyzing Verilog file "C:/Users/gskan/Downloads/MODS2.xpr/MODS/MODS.srcs/sources_1/new/projectile_syringe.v" into library xil_defaultlib
INFO: [VRFC 10-311] analyzing module projectile_syringe
INFO: [VRFC 10-2263] Analyzing Verilog file "C:/Users/gskan/Downloads/MODS2.xpr/MODS/MODS.srcs/sources_1/new/neural_net.v" into library xil_defaultlib
INFO: [VRFC 10-311] analyzing module neural_net
INFO: [VRFC 10-2263] Analyzing Verilog file "C:/Users/gskan/Downloads/MODS2.xpr/MODS/MODS.srcs/sources_1/new/ss_display.v" into library xil_defaultlib
INFO: [VRFC 10-311] analyzing module ss_display
INFO: [VRFC 10-2263] Analyzing Verilog file "C:/Users/gskan/Downloads/MODS2.xpr/MODS/MODS.srcs/sources_1/new/poison_bottle.v" into library xil_defaultlib
INFO: [VRFC 10-311] analyzing module poison_bottle
INFO: [VRFC 10-2263] Analyzing Verilog file "C:/Users/gskan/Downloads/MODS2.xpr/MODS/MODS.srcs/sources_1/new/LSFR_random.v" into library xil_defaultlib
INFO: [VRFC 10-311] analyzing module LFSR_random
INFO: [VRFC 10-2263] Analyzing Verilog file "C:/Users/gskan/Downloads/MODS2.xpr/MODS/MODS.srcs/sim_1/new/tb_LFSR_Random_Bit.v" into library xil_defaultlib
INFO: [VRFC 10-311] analyzing module tb_LFSR_Random_Bit
